<?xml version="1.0" encoding="UTF-8"?>
<testsuite name="Cucumber" time="31.355" tests="1" skipped="0" failures="0" errors="0">
<testcase classname="Create a coal selling listing" name="Success create a coal" time="30.897">
<system-out><![CDATA[
Given User is on indomine homepage..........................................passed
Then user click button login................................................passed
And user input field email..................................................passed
And user input field password...............................................passed
And user click button login on login page and redirect to homepage..........passed
And user click button buat listingan........................................passed
And user click on button jual batubara......................................passed
And user input field GAR....................................................passed
And user input field TS.....................................................passed
And user input field Ash....................................................passed
And user input field Quantity...............................................passed
And user input field Harga Batubara.........................................passed
And user input field Sumber Batu............................................passed
And user input field loading port...........................................passed
And user input field laycan date............................................passed
And user upload document from directory.....................................passed
And user click button submit................................................passed
And user input field description............................................passed
And user clikck on button publish...........................................passed
]]></system-out>
</testcase>
</testsuite>
